Build started 14-12-2012 15:37:20.
     1>Project "C:\Users\Peter-Pim\Documents\Opleiding Informatica\Informatica Cursus 2012 en 2013\Blok 6 (3D - Engine)\Project\Applicatie\3DKB01\3DKB01\3DKB01.vcxproj" on node 2 (build target(s)).
     1>InitializeBuildStatus:
         Touching "Debug\3DKB01.unsuccessfulbuild".
       ClCompile:
         C:\Program Files (x86)\Microsoft Visual Studio 10.0\VC\bin\CL.exe /c /ZI /nologo /W3 /WX- /Od /Oy- /D _MBCS /Gm /EHsc /RTC1 /MDd /GS /fp:precise /Zc:wchar_t /Zc:forScope /Fo"Debug\\" /Fd"Debug\vc100.pdb" /Gd /TP /analyze- /errorReport:prompt Resourcemanager.cpp
         Resourcemanager.cpp
       Link:
         C:\Program Files (x86)\Microsoft Visual Studio 10.0\VC\bin\link.exe /ERRORREPORT:PROMPT /OUT:"C:\Users\Peter-Pim\Documents\Opleiding Informatica\Informatica Cursus 2012 en 2013\Blok 6 (3D - Engine)\Project\Applicatie\3DKB01\Debug\3DKB01.exe" /NOLOGO d2d1.lib d3d9.lib d3d10.lib d3d10_1.lib d3d11.lib winmm.lib d3dcompiler.lib D3DCSX.lib D3DCSXd.lib d3dx9.lib d3dx9d.lib d3dx10.lib d3dx10d.lib d3dx11.lib d3dx11d.lib d3dxof.lib dinput8.lib dsetup.lib dsound.lib dwrite.lib DxErr.lib dxgi.lib dxguid.lib X3DAudio.lib xapobase.lib xapobased.lib XAPOFX.lib XInput.lib kernel32.lib user32.lib gdi32.lib winspool.lib comdlg32.lib advapi32.lib shell32.lib ole32.lib oleaut32.lib uuid.lib odbc32.lib odbccp32.lib /MANIFEST /ManifestFile:"Debug\3DKB01.exe.intermediate.manifest" /MANIFESTUAC:"level='asInvoker' uiAccess='false'" /DEBUG /PDB:"C:\Users\Peter-Pim\Documents\Opleiding Informatica\Informatica Cursus 2012 en 2013\Blok 6 (3D - Engine)\Project\Applicatie\3DKB01\Debug\3DKB01.pdb" /TLBID:1 /DYNAMICBASE /NXCOMPAT /IMPLIB:"C:\Users\Peter-Pim\Documents\Opleiding Informatica\Informatica Cursus 2012 en 2013\Blok 6 (3D - Engine)\Project\Applicatie\3DKB01\Debug\3DKB01.lib" /MACHINE:X86 Debug\Inputmanager.obj
         Debug\Kernel.obj
         Debug\Logger.obj
         Debug\Main.obj
         Debug\Model.obj
         Debug\RendererDirectX.obj
         Debug\ResourceInterface.obj
         Debug\Resourcemanager.obj
         Debug\Scene.obj
         Debug\Scenemanager.obj
         Debug\LotsoWindow.obj
         Debug\Texture.obj
         Debug\Windowmanager.obj
         LINK : C:\Users\Peter-Pim\Documents\Opleiding Informatica\Informatica Cursus 2012 en 2013\Blok 6 (3D - Engine)\Project\Applicatie\3DKB01\Debug\3DKB01.exe not found or not built by the last incremental link; performing full link
         3DKB01.vcxproj -> C:\Users\Peter-Pim\Documents\Opleiding Informatica\Informatica Cursus 2012 en 2013\Blok 6 (3D - Engine)\Project\Applicatie\3DKB01\Debug\3DKB01.exe
       Manifest:
         C:\Program Files (x86)\Microsoft SDKs\Windows\v7.0A\bin\mt.exe /nologo /verbose /outputresource:"C:\Users\Peter-Pim\Documents\Opleiding Informatica\Informatica Cursus 2012 en 2013\Blok 6 (3D - Engine)\Project\Applicatie\3DKB01\Debug\3DKB01.exe;#1" /manifest Debug\3DKB01.exe.intermediate.manifest
       FinalizeBuildStatus:
         Deleting file "Debug\3DKB01.unsuccessfulbuild".
         Touching "Debug\3DKB01.lastbuildstate".
     1>Done Building Project "C:\Users\Peter-Pim\Documents\Opleiding Informatica\Informatica Cursus 2012 en 2013\Blok 6 (3D - Engine)\Project\Applicatie\3DKB01\3DKB01\3DKB01.vcxproj" (build target(s)).

Build succeeded.

Time Elapsed 00:00:04.40
