C:\USERS\PETER-PIM\DOCUMENTS\OPLEIDING INFORMATICA\INFORMATICA CURSUS 2012 EN 2013\BLOK 6 (3D - ENGINE)\PROJECT\APPLICATIE\3DKB01\3DKB01\DEBUG\3DKB01.EXE.INTERMEDIATE.MANIFEST
C:\Users\Peter-Pim\Documents\Opleiding Informatica\Informatica Cursus 2012 en 2013\Blok 6 (3D - Engine)\Project\Applicatie\3DKB01\3DKB01\Debug\cl.command.1.tlog
C:\Users\Peter-Pim\Documents\Opleiding Informatica\Informatica Cursus 2012 en 2013\Blok 6 (3D - Engine)\Project\Applicatie\3DKB01\3DKB01\Debug\CL.read.1.tlog
C:\Users\Peter-Pim\Documents\Opleiding Informatica\Informatica Cursus 2012 en 2013\Blok 6 (3D - Engine)\Project\Applicatie\3DKB01\3DKB01\Debug\CL.write.1.tlog
C:\USERS\PETER-PIM\DOCUMENTS\OPLEIDING INFORMATICA\INFORMATICA CURSUS 2012 EN 2013\BLOK 6 (3D - ENGINE)\PROJECT\APPLICATIE\3DKB01\3DKB01\DEBUG\CUSTOMVERTEX.OBJ
C:\USERS\PETER-PIM\DOCUMENTS\OPLEIDING INFORMATICA\INFORMATICA CURSUS 2012 EN 2013\BLOK 6 (3D - ENGINE)\PROJECT\APPLICATIE\3DKB01\3DKB01\DEBUG\INPUTMANAGER.OBJ
C:\USERS\PETER-PIM\DOCUMENTS\OPLEIDING INFORMATICA\INFORMATICA CURSUS 2012 EN 2013\BLOK 6 (3D - ENGINE)\PROJECT\APPLICATIE\3DKB01\3DKB01\DEBUG\KERNEL.OBJ
C:\Users\Peter-Pim\Documents\Opleiding Informatica\Informatica Cursus 2012 en 2013\Blok 6 (3D - Engine)\Project\Applicatie\3DKB01\3DKB01\Debug\link.command.1.tlog
C:\Users\Peter-Pim\Documents\Opleiding Informatica\Informatica Cursus 2012 en 2013\Blok 6 (3D - Engine)\Project\Applicatie\3DKB01\3DKB01\Debug\link.read.1.tlog
C:\Users\Peter-Pim\Documents\Opleiding Informatica\Informatica Cursus 2012 en 2013\Blok 6 (3D - Engine)\Project\Applicatie\3DKB01\3DKB01\Debug\link.write.1.tlog
C:\USERS\PETER-PIM\DOCUMENTS\OPLEIDING INFORMATICA\INFORMATICA CURSUS 2012 EN 2013\BLOK 6 (3D - ENGINE)\PROJECT\APPLICATIE\3DKB01\3DKB01\DEBUG\LOGGER.OBJ
C:\USERS\PETER-PIM\DOCUMENTS\OPLEIDING INFORMATICA\INFORMATICA CURSUS 2012 EN 2013\BLOK 6 (3D - ENGINE)\PROJECT\APPLICATIE\3DKB01\3DKB01\DEBUG\LOTSOWINDOW.OBJ
C:\USERS\PETER-PIM\DOCUMENTS\OPLEIDING INFORMATICA\INFORMATICA CURSUS 2012 EN 2013\BLOK 6 (3D - ENGINE)\PROJECT\APPLICATIE\3DKB01\3DKB01\DEBUG\MAIN.OBJ
C:\Users\Peter-Pim\Documents\Opleiding Informatica\Informatica Cursus 2012 en 2013\Blok 6 (3D - Engine)\Project\Applicatie\3DKB01\3DKB01\Debug\mt.command.1.tlog
C:\Users\Peter-Pim\Documents\Opleiding Informatica\Informatica Cursus 2012 en 2013\Blok 6 (3D - Engine)\Project\Applicatie\3DKB01\3DKB01\Debug\mt.read.1.tlog
C:\Users\Peter-Pim\Documents\Opleiding Informatica\Informatica Cursus 2012 en 2013\Blok 6 (3D - Engine)\Project\Applicatie\3DKB01\3DKB01\Debug\mt.write.1.tlog
C:\USERS\PETER-PIM\DOCUMENTS\OPLEIDING INFORMATICA\INFORMATICA CURSUS 2012 EN 2013\BLOK 6 (3D - ENGINE)\PROJECT\APPLICATIE\3DKB01\3DKB01\DEBUG\RENDERERDIRECTX.OBJ
C:\USERS\PETER-PIM\DOCUMENTS\OPLEIDING INFORMATICA\INFORMATICA CURSUS 2012 EN 2013\BLOK 6 (3D - ENGINE)\PROJECT\APPLICATIE\3DKB01\3DKB01\DEBUG\RENDERERINTERFACE.OBJ
C:\USERS\PETER-PIM\DOCUMENTS\OPLEIDING INFORMATICA\INFORMATICA CURSUS 2012 EN 2013\BLOK 6 (3D - ENGINE)\PROJECT\APPLICATIE\3DKB01\3DKB01\DEBUG\RESOURCEMANAGER.OBJ
C:\USERS\PETER-PIM\DOCUMENTS\OPLEIDING INFORMATICA\INFORMATICA CURSUS 2012 EN 2013\BLOK 6 (3D - ENGINE)\PROJECT\APPLICATIE\3DKB01\3DKB01\DEBUG\SCENE.OBJ
C:\USERS\PETER-PIM\DOCUMENTS\OPLEIDING INFORMATICA\INFORMATICA CURSUS 2012 EN 2013\BLOK 6 (3D - ENGINE)\PROJECT\APPLICATIE\3DKB01\3DKB01\DEBUG\SCENEMANAGER.OBJ
C:\USERS\PETER-PIM\DOCUMENTS\OPLEIDING INFORMATICA\INFORMATICA CURSUS 2012 EN 2013\BLOK 6 (3D - ENGINE)\PROJECT\APPLICATIE\3DKB01\3DKB01\DEBUG\TEXTURE.OBJ
C:\Users\Peter-Pim\Documents\Opleiding Informatica\Informatica Cursus 2012 en 2013\Blok 6 (3D - Engine)\Project\Applicatie\3DKB01\3DKB01\Debug\vc100.idb
C:\USERS\PETER-PIM\DOCUMENTS\OPLEIDING INFORMATICA\INFORMATICA CURSUS 2012 EN 2013\BLOK 6 (3D - ENGINE)\PROJECT\APPLICATIE\3DKB01\3DKB01\DEBUG\VC100.PDB
C:\USERS\PETER-PIM\DOCUMENTS\OPLEIDING INFORMATICA\INFORMATICA CURSUS 2012 EN 2013\BLOK 6 (3D - ENGINE)\PROJECT\APPLICATIE\3DKB01\3DKB01\DEBUG\WINDOW.OBJ
C:\USERS\PETER-PIM\DOCUMENTS\OPLEIDING INFORMATICA\INFORMATICA CURSUS 2012 EN 2013\BLOK 6 (3D - ENGINE)\PROJECT\APPLICATIE\3DKB01\3DKB01\DEBUG\WINDOWMANAGER.OBJ
C:\USERS\PETER-PIM\DOCUMENTS\OPLEIDING INFORMATICA\INFORMATICA CURSUS 2012 EN 2013\BLOK 6 (3D - ENGINE)\PROJECT\APPLICATIE\3DKB01\DEBUG\3DKB01.EXE
C:\USERS\PETER-PIM\DOCUMENTS\OPLEIDING INFORMATICA\INFORMATICA CURSUS 2012 EN 2013\BLOK 6 (3D - ENGINE)\PROJECT\APPLICATIE\3DKB01\DEBUG\3DKB01.ILK
C:\USERS\PETER-PIM\DOCUMENTS\OPLEIDING INFORMATICA\INFORMATICA CURSUS 2012 EN 2013\BLOK 6 (3D - ENGINE)\PROJECT\APPLICATIE\3DKB01\DEBUG\3DKB01.PDB
